\BOOKMARK [1][]{section.1}{\376\377\0001\000\040\000\040\000\040\225\356\230\230\221\315\217\360}{}% 1
\BOOKMARK [2][]{subsection.1.1}{\376\377\0001\000.\0001\000\040\225\356\230\230\200\314\146\157}{section.1}% 2
\BOOKMARK [2][]{subsection.1.2}{\376\377\0001\000.\0002\000\040\225\356\230\230\211\201\154\102}{section.1}% 3
\BOOKMARK [2][]{subsection.1.3}{\376\377\0001\000.\0003\000\040\142\021\116\354\166\204\135\345\117\134}{section.1}% 4
\BOOKMARK [1][]{section.2}{\376\377\0002\000\040\000\040\000\040\152\041\127\213\120\107\213\276}{}% 5
\BOOKMARK [1][]{section.3}{\376\377\0003\000\040\000\040\000\040\173\046\123\367\213\364\146\016}{}% 6
\BOOKMARK [1][]{section.4}{\376\377\0004\000\040\000\040\000\040\225\356\230\230\116\000\166\204\152\041\127\213\166\204\136\372\172\313\124\214\154\102\211\343}{}% 7
\BOOKMARK [2][]{subsection.4.1}{\376\377\0004\000.\0001\000\040\225\356\230\230\116\000\166\204\143\317\217\360\116\016\122\006\147\220}{section.4}% 8
\BOOKMARK [2][]{subsection.4.2}{\376\377\0004\000.\0002\000\040\230\204\131\007\135\345\117\134}{section.4}% 9
\BOOKMARK [3][]{subsubsection.4.2.1}{\376\377\0004\000.\0002\000.\0001\000\040\121\163\225\056\123\302\145\160\210\145\121\105}{subsection.4.2}% 10
\BOOKMARK [2][]{subsection.4.3}{\376\377\0004\000.\0003\000\040\152\041\127\213\136\372\172\313}{section.4}% 11
\BOOKMARK [3][]{subsubsection.4.3.1}{\376\377\0004\000.\0003\000.\0001\000\040\117\040\217\223\220\037\163\207\213\241\173\227}{subsection.4.3}% 12
\BOOKMARK [3][]{subsubsection.4.3.2}{\376\377\0004\000.\0003\000.\0002\000\040\145\366\136\366\213\241\173\227\152\041\127\213}{subsection.4.3}% 13
\BOOKMARK [3][]{subsubsection.4.3.3}{\376\377\0004\000.\0003\000.\0003\000\040\147\015\122\241\215\050\221\317\213\304\117\060\121\375\145\160}{subsection.4.3}% 14
\BOOKMARK [3][]{subsubsection.4.3.4}{\376\377\0004\000.\0003\000.\0004\000\040\117\030\123\026\152\041\127\213}{subsection.4.3}% 15
\BOOKMARK [2][]{subsection.4.4}{\376\377\0004\000.\0004\000\040\152\041\127\213\154\102\211\343}{section.4}% 16
\BOOKMARK [2][]{subsection.4.5}{\376\377\0004\000.\0005\000\040\154\102\211\343\176\323\147\234}{section.4}% 17
\BOOKMARK [1][]{section.5}{\376\377\0005\000\040\000\040\000\040\225\356\230\230\116\214\166\204\152\041\127\213\166\204\136\372\172\313\124\214\154\102\211\343}{}% 18
\BOOKMARK [2][]{subsection.5.1}{\376\377\0005\000.\0001\000\040\225\356\230\230\116\214\166\204\143\317\217\360\116\016\122\006\147\220}{section.5}% 19
\BOOKMARK [2][]{subsection.5.2}{\376\377\0005\000.\0002\000\040\230\204\131\007\135\345\117\134}{section.5}% 20
\BOOKMARK [2][]{subsection.5.3}{\376\377\0005\000.\0003\000\040\152\041\127\213\136\372\172\313}{section.5}% 21
\BOOKMARK [2][]{subsection.5.4}{\376\377\0005\000.\0004\000\040\152\041\127\213\154\102\211\343}{section.5}% 22
\BOOKMARK [2][]{subsection.5.5}{\376\377\0005\000.\0005\000\040\154\102\211\343\176\323\147\234}{section.5}% 23
\BOOKMARK [1][]{section.6}{\376\377\0006\000\040\000\040\000\040\225\356\230\230\116\011\166\204\152\041\127\213\166\204\136\372\172\313\124\214\154\102\211\343}{}% 24
\BOOKMARK [2][]{subsection.6.1}{\376\377\0006\000.\0001\000\040\225\356\230\230\116\011\166\204\143\317\217\360\116\016\122\006\147\220}{section.6}% 25
\BOOKMARK [2][]{subsection.6.2}{\376\377\0006\000.\0002\000\040\230\204\131\007\135\345\117\134}{section.6}% 26
\BOOKMARK [2][]{subsection.6.3}{\376\377\0006\000.\0003\000\040\152\041\127\213\136\372\172\313}{section.6}% 27
\BOOKMARK [2][]{subsection.6.4}{\376\377\0006\000.\0004\000\040\152\041\127\213\154\102\211\343}{section.6}% 28
\BOOKMARK [2][]{subsection.6.5}{\376\377\0006\000.\0005\000\040\154\102\211\343\176\323\147\234}{section.6}% 29
\BOOKMARK [1][]{section.7}{\376\377\0007\000\040\000\040\000\040\152\041\127\213\166\204\122\006\147\220\116\016\150\300\232\214}{}% 30
\BOOKMARK [2][]{subsection.7.1}{\376\377\0007\000.\0001\000\040\160\165\145\117\136\246\122\006\147\220}{section.7}% 31
\BOOKMARK [2][]{subsection.7.2}{\376\377\0007\000.\0002\000\040\213\357\135\356\122\006\147\220}{section.7}% 32
\BOOKMARK [1][]{section.8}{\376\377\0008\000\040\000\040\000\040\152\041\127\213\166\204\213\304\116\367}{}% 33
\BOOKMARK [2][]{subsection.8.1}{\376\377\0008\000.\0001\000\040\152\041\127\213\166\204\117\030\160\271}{section.8}% 34
\BOOKMARK [2][]{subsection.8.2}{\376\377\0008\000.\0002\000\040\152\041\127\213\166\204\177\072\160\271}{section.8}% 35
\BOOKMARK [1][]{appendix.a.A}{\376\377\226\104\137\125\000\040\000A\000\040\145\207\116\366\122\027\210\150}{}% 36
\BOOKMARK [1][]{appendix.a.B}{\376\377\226\104\137\125\000\040\000B\000\040\116\343\170\001}{}% 37
